mode: set
github.com/harvester/kubeovn-operator/api/v1/configuration_types.go:340.13,342.2 1 0
github.com/harvester/kubeovn-operator/api/v1/configuration_types.go:361.131,362.37 1 0
github.com/harvester/kubeovn-operator/api/v1/configuration_types.go:362.37,363.51 1 0
github.com/harvester/kubeovn-operator/api/v1/configuration_types.go:363.51,370.4 6 0
github.com/harvester/kubeovn-operator/api/v1/configuration_types.go:372.2,379.4 1 0
github.com/harvester/kubeovn-operator/api/v1/configuration_types.go:382.66,385.2 2 0
github.com/harvester/kubeovn-operator/api/v1/configuration_types.go:387.67,390.2 2 0
github.com/harvester/kubeovn-operator/api/v1/configuration_types.go:392.69,395.2 2 0
github.com/harvester/kubeovn-operator/api/v1/configuration_types.go:397.80,398.40 1 0
github.com/harvester/kubeovn-operator/api/v1/configuration_types.go:398.40,399.30 1 0
github.com/harvester/kubeovn-operator/api/v1/configuration_types.go:399.30,401.4 1 0
github.com/harvester/kubeovn-operator/api/v1/configuration_types.go:403.2,403.27 1 0
github.com/harvester/kubeovn-operator/api/v1/zz_generated.deepcopy.go:29.55,31.32 2 0
github.com/harvester/kubeovn-operator/api/v1/zz_generated.deepcopy.go:31.32,35.3 3 0
github.com/harvester/kubeovn-operator/api/v1/zz_generated.deepcopy.go:39.48,40.15 1 0
github.com/harvester/kubeovn-operator/api/v1/zz_generated.deepcopy.go:40.15,42.3 1 0
github.com/harvester/kubeovn-operator/api/v1/zz_generated.deepcopy.go:43.2,45.12 3 0
github.com/harvester/kubeovn-operator/api/v1/zz_generated.deepcopy.go:49.53,53.2 3 0
github.com/harvester/kubeovn-operator/api/v1/zz_generated.deepcopy.go:56.46,57.15 1 0
github.com/harvester/kubeovn-operator/api/v1/zz_generated.deepcopy.go:57.15,59.3 1 0
github.com/harvester/kubeovn-operator/api/v1/zz_generated.deepcopy.go:60.2,62.12 3 0
github.com/harvester/kubeovn-operator/api/v1/zz_generated.deepcopy.go:66.59,68.24 2 0
github.com/harvester/kubeovn-operator/api/v1/zz_generated.deepcopy.go:68.24,72.3 3 0
github.com/harvester/kubeovn-operator/api/v1/zz_generated.deepcopy.go:73.2,73.24 1 0
github.com/harvester/kubeovn-operator/api/v1/zz_generated.deepcopy.go:73.24,77.3 3 0
github.com/harvester/kubeovn-operator/api/v1/zz_generated.deepcopy.go:78.2,78.33 1 0
github.com/harvester/kubeovn-operator/api/v1/zz_generated.deepcopy.go:78.33,82.3 3 0
github.com/harvester/kubeovn-operator/api/v1/zz_generated.deepcopy.go:83.2,83.31 1 0
github.com/harvester/kubeovn-operator/api/v1/zz_generated.deepcopy.go:83.31,87.3 3 0
github.com/harvester/kubeovn-operator/api/v1/zz_generated.deepcopy.go:88.2,88.27 1 0
github.com/harvester/kubeovn-operator/api/v1/zz_generated.deepcopy.go:88.27,92.3 3 0
github.com/harvester/kubeovn-operator/api/v1/zz_generated.deepcopy.go:93.2,93.30 1 0
github.com/harvester/kubeovn-operator/api/v1/zz_generated.deepcopy.go:93.30,97.3 3 0
github.com/harvester/kubeovn-operator/api/v1/zz_generated.deepcopy.go:98.2,98.30 1 0
github.com/harvester/kubeovn-operator/api/v1/zz_generated.deepcopy.go:98.30,102.3 3 0
github.com/harvester/kubeovn-operator/api/v1/zz_generated.deepcopy.go:103.2,103.35 1 0
github.com/harvester/kubeovn-operator/api/v1/zz_generated.deepcopy.go:103.35,107.3 3 0
github.com/harvester/kubeovn-operator/api/v1/zz_generated.deepcopy.go:108.2,108.28 1 0
github.com/harvester/kubeovn-operator/api/v1/zz_generated.deepcopy.go:108.28,112.3 3 0
github.com/harvester/kubeovn-operator/api/v1/zz_generated.deepcopy.go:113.2,113.30 1 0
github.com/harvester/kubeovn-operator/api/v1/zz_generated.deepcopy.go:113.30,117.3 3 0
github.com/harvester/kubeovn-operator/api/v1/zz_generated.deepcopy.go:118.2,118.33 1 0
github.com/harvester/kubeovn-operator/api/v1/zz_generated.deepcopy.go:118.33,122.3 3 0
github.com/harvester/kubeovn-operator/api/v1/zz_generated.deepcopy.go:123.2,123.29 1 0
github.com/harvester/kubeovn-operator/api/v1/zz_generated.deepcopy.go:123.29,126.18 3 0
github.com/harvester/kubeovn-operator/api/v1/zz_generated.deepcopy.go:126.18,130.4 3 0
github.com/harvester/kubeovn-operator/api/v1/zz_generated.deepcopy.go:132.2,132.34 1 0
github.com/harvester/kubeovn-operator/api/v1/zz_generated.deepcopy.go:132.34,136.3 3 0
github.com/harvester/kubeovn-operator/api/v1/zz_generated.deepcopy.go:137.2,137.28 1 0
github.com/harvester/kubeovn-operator/api/v1/zz_generated.deepcopy.go:137.28,141.3 3 0
github.com/harvester/kubeovn-operator/api/v1/zz_generated.deepcopy.go:142.2,142.24 1 0
github.com/harvester/kubeovn-operator/api/v1/zz_generated.deepcopy.go:142.24,146.3 3 0
github.com/harvester/kubeovn-operator/api/v1/zz_generated.deepcopy.go:147.2,147.32 1 0
github.com/harvester/kubeovn-operator/api/v1/zz_generated.deepcopy.go:147.32,151.3 3 0
github.com/harvester/kubeovn-operator/api/v1/zz_generated.deepcopy.go:152.2,152.30 1 0
github.com/harvester/kubeovn-operator/api/v1/zz_generated.deepcopy.go:152.30,156.3 3 0
github.com/harvester/kubeovn-operator/api/v1/zz_generated.deepcopy.go:157.2,157.25 1 0
github.com/harvester/kubeovn-operator/api/v1/zz_generated.deepcopy.go:157.25,161.3 3 0
github.com/harvester/kubeovn-operator/api/v1/zz_generated.deepcopy.go:162.2,162.28 1 0
github.com/harvester/kubeovn-operator/api/v1/zz_generated.deepcopy.go:162.28,166.3 3 0
github.com/harvester/kubeovn-operator/api/v1/zz_generated.deepcopy.go:167.2,167.43 1 0
github.com/harvester/kubeovn-operator/api/v1/zz_generated.deepcopy.go:167.43,171.3 3 0
github.com/harvester/kubeovn-operator/api/v1/zz_generated.deepcopy.go:175.52,176.15 1 0
github.com/harvester/kubeovn-operator/api/v1/zz_generated.deepcopy.go:176.15,178.3 1 0
github.com/harvester/kubeovn-operator/api/v1/zz_generated.deepcopy.go:179.2,181.12 3 0
github.com/harvester/kubeovn-operator/api/v1/zz_generated.deepcopy.go:185.59,191.2 5 0
github.com/harvester/kubeovn-operator/api/v1/zz_generated.deepcopy.go:194.52,195.15 1 0
github.com/harvester/kubeovn-operator/api/v1/zz_generated.deepcopy.go:195.15,197.3 1 0
github.com/harvester/kubeovn-operator/api/v1/zz_generated.deepcopy.go:198.2,200.12 3 0
github.com/harvester/kubeovn-operator/api/v1/zz_generated.deepcopy.go:204.58,205.34 1 0
github.com/harvester/kubeovn-operator/api/v1/zz_generated.deepcopy.go:205.34,207.3 1 0
github.com/harvester/kubeovn-operator/api/v1/zz_generated.deepcopy.go:208.2,208.12 1 0
github.com/harvester/kubeovn-operator/api/v1/zz_generated.deepcopy.go:212.67,216.21 4 0
github.com/harvester/kubeovn-operator/api/v1/zz_generated.deepcopy.go:216.21,219.22 3 0
github.com/harvester/kubeovn-operator/api/v1/zz_generated.deepcopy.go:219.22,221.4 1 0
github.com/harvester/kubeovn-operator/api/v1/zz_generated.deepcopy.go:226.60,227.15 1 0
github.com/harvester/kubeovn-operator/api/v1/zz_generated.deepcopy.go:227.15,229.3 1 0
github.com/harvester/kubeovn-operator/api/v1/zz_generated.deepcopy.go:230.2,232.12 3 0
github.com/harvester/kubeovn-operator/api/v1/zz_generated.deepcopy.go:236.62,237.34 1 0
github.com/harvester/kubeovn-operator/api/v1/zz_generated.deepcopy.go:237.34,239.3 1 0
github.com/harvester/kubeovn-operator/api/v1/zz_generated.deepcopy.go:240.2,240.12 1 0
github.com/harvester/kubeovn-operator/api/v1/zz_generated.deepcopy.go:244.67,257.40 13 0
github.com/harvester/kubeovn-operator/api/v1/zz_generated.deepcopy.go:257.40,261.3 3 0
github.com/harvester/kubeovn-operator/api/v1/zz_generated.deepcopy.go:262.2,262.26 1 0
github.com/harvester/kubeovn-operator/api/v1/zz_generated.deepcopy.go:262.26,266.3 3 0
github.com/harvester/kubeovn-operator/api/v1/zz_generated.deepcopy.go:267.2,268.20 2 0
github.com/harvester/kubeovn-operator/api/v1/zz_generated.deepcopy.go:268.20,272.3 3 0
github.com/harvester/kubeovn-operator/api/v1/zz_generated.deepcopy.go:273.2,280.53 8 0
github.com/harvester/kubeovn-operator/api/v1/zz_generated.deepcopy.go:284.60,285.15 1 0
github.com/harvester/kubeovn-operator/api/v1/zz_generated.deepcopy.go:285.15,287.3 1 0
github.com/harvester/kubeovn-operator/api/v1/zz_generated.deepcopy.go:288.2,290.12 3 0
github.com/harvester/kubeovn-operator/api/v1/zz_generated.deepcopy.go:294.71,296.37 2 0
github.com/harvester/kubeovn-operator/api/v1/zz_generated.deepcopy.go:296.37,300.3 3 0
github.com/harvester/kubeovn-operator/api/v1/zz_generated.deepcopy.go:301.2,301.26 1 0
github.com/harvester/kubeovn-operator/api/v1/zz_generated.deepcopy.go:301.26,304.22 3 0
github.com/harvester/kubeovn-operator/api/v1/zz_generated.deepcopy.go:304.22,306.4 1 0
github.com/harvester/kubeovn-operator/api/v1/zz_generated.deepcopy.go:308.2,308.30 1 0
github.com/harvester/kubeovn-operator/api/v1/zz_generated.deepcopy.go:308.30,312.3 3 0
github.com/harvester/kubeovn-operator/api/v1/zz_generated.deepcopy.go:316.64,317.15 1 0
github.com/harvester/kubeovn-operator/api/v1/zz_generated.deepcopy.go:317.15,319.3 1 0
github.com/harvester/kubeovn-operator/api/v1/zz_generated.deepcopy.go:320.2,322.12 3 0
github.com/harvester/kubeovn-operator/api/v1/zz_generated.deepcopy.go:326.51,328.28 2 0
github.com/harvester/kubeovn-operator/api/v1/zz_generated.deepcopy.go:328.28,332.3 3 0
github.com/harvester/kubeovn-operator/api/v1/zz_generated.deepcopy.go:336.44,337.15 1 0
github.com/harvester/kubeovn-operator/api/v1/zz_generated.deepcopy.go:337.15,339.3 1 0
github.com/harvester/kubeovn-operator/api/v1/zz_generated.deepcopy.go:340.2,342.12 3 0
github.com/harvester/kubeovn-operator/api/v1/zz_generated.deepcopy.go:346.53,350.2 3 0
github.com/harvester/kubeovn-operator/api/v1/zz_generated.deepcopy.go:353.46,354.15 1 0
github.com/harvester/kubeovn-operator/api/v1/zz_generated.deepcopy.go:354.15,356.3 1 0
github.com/harvester/kubeovn-operator/api/v1/zz_generated.deepcopy.go:357.2,359.12 3 0
github.com/harvester/kubeovn-operator/api/v1/zz_generated.deepcopy.go:363.65,365.2 1 0
github.com/harvester/kubeovn-operator/api/v1/zz_generated.deepcopy.go:368.58,369.15 1 0
github.com/harvester/kubeovn-operator/api/v1/zz_generated.deepcopy.go:369.15,371.3 1 0
github.com/harvester/kubeovn-operator/api/v1/zz_generated.deepcopy.go:372.2,374.12 3 0
github.com/harvester/kubeovn-operator/api/v1/zz_generated.deepcopy.go:378.57,381.2 2 0
github.com/harvester/kubeovn-operator/api/v1/zz_generated.deepcopy.go:384.50,385.15 1 0
github.com/harvester/kubeovn-operator/api/v1/zz_generated.deepcopy.go:385.15,387.3 1 0
github.com/harvester/kubeovn-operator/api/v1/zz_generated.deepcopy.go:388.2,390.12 3 0
github.com/harvester/kubeovn-operator/api/v1/zz_generated.deepcopy.go:394.65,396.26 2 0
github.com/harvester/kubeovn-operator/api/v1/zz_generated.deepcopy.go:396.26,400.3 3 0
github.com/harvester/kubeovn-operator/api/v1/zz_generated.deepcopy.go:401.2,401.26 1 0
github.com/harvester/kubeovn-operator/api/v1/zz_generated.deepcopy.go:401.26,405.3 3 0
github.com/harvester/kubeovn-operator/api/v1/zz_generated.deepcopy.go:409.58,410.15 1 0
github.com/harvester/kubeovn-operator/api/v1/zz_generated.deepcopy.go:410.15,412.3 1 0
github.com/harvester/kubeovn-operator/api/v1/zz_generated.deepcopy.go:413.2,415.12 3 0
github.com/harvester/kubeovn-operator/api/v1/zz_generated.deepcopy.go:419.67,421.2 1 0
github.com/harvester/kubeovn-operator/api/v1/zz_generated.deepcopy.go:424.60,425.15 1 0
github.com/harvester/kubeovn-operator/api/v1/zz_generated.deepcopy.go:425.15,427.3 1 0
github.com/harvester/kubeovn-operator/api/v1/zz_generated.deepcopy.go:428.2,430.12 3 0
github.com/harvester/kubeovn-operator/api/v1/zz_generated.deepcopy.go:434.59,436.2 1 0
github.com/harvester/kubeovn-operator/api/v1/zz_generated.deepcopy.go:439.52,440.15 1 0
github.com/harvester/kubeovn-operator/api/v1/zz_generated.deepcopy.go:440.15,442.3 1 0
github.com/harvester/kubeovn-operator/api/v1/zz_generated.deepcopy.go:443.2,445.12 3 0
github.com/harvester/kubeovn-operator/api/v1/zz_generated.deepcopy.go:449.65,451.2 1 0
github.com/harvester/kubeovn-operator/api/v1/zz_generated.deepcopy.go:454.58,455.15 1 0
github.com/harvester/kubeovn-operator/api/v1/zz_generated.deepcopy.go:455.15,457.3 1 0
github.com/harvester/kubeovn-operator/api/v1/zz_generated.deepcopy.go:458.2,460.12 3 0
github.com/harvester/kubeovn-operator/api/v1/zz_generated.deepcopy.go:464.61,466.25 2 0
github.com/harvester/kubeovn-operator/api/v1/zz_generated.deepcopy.go:466.25,470.3 3 0
github.com/harvester/kubeovn-operator/api/v1/zz_generated.deepcopy.go:471.2,472.32 2 0
github.com/harvester/kubeovn-operator/api/v1/zz_generated.deepcopy.go:472.32,476.3 3 0
github.com/harvester/kubeovn-operator/api/v1/zz_generated.deepcopy.go:477.2,477.29 1 0
github.com/harvester/kubeovn-operator/api/v1/zz_generated.deepcopy.go:477.29,481.3 3 0
github.com/harvester/kubeovn-operator/api/v1/zz_generated.deepcopy.go:482.2,482.26 1 0
github.com/harvester/kubeovn-operator/api/v1/zz_generated.deepcopy.go:482.26,486.3 3 0
github.com/harvester/kubeovn-operator/api/v1/zz_generated.deepcopy.go:487.2,487.29 1 0
github.com/harvester/kubeovn-operator/api/v1/zz_generated.deepcopy.go:487.29,491.3 3 0
github.com/harvester/kubeovn-operator/api/v1/zz_generated.deepcopy.go:492.2,492.29 1 0
github.com/harvester/kubeovn-operator/api/v1/zz_generated.deepcopy.go:492.29,496.3 3 0
github.com/harvester/kubeovn-operator/api/v1/zz_generated.deepcopy.go:500.54,501.15 1 0
github.com/harvester/kubeovn-operator/api/v1/zz_generated.deepcopy.go:501.15,503.3 1 0
github.com/harvester/kubeovn-operator/api/v1/zz_generated.deepcopy.go:504.2,506.12 3 0
github.com/harvester/kubeovn-operator/api/v1/zz_generated.deepcopy.go:510.63,513.2 2 0
github.com/harvester/kubeovn-operator/api/v1/zz_generated.deepcopy.go:516.56,517.15 1 0
github.com/harvester/kubeovn-operator/api/v1/zz_generated.deepcopy.go:517.15,519.3 1 0
github.com/harvester/kubeovn-operator/api/v1/zz_generated.deepcopy.go:520.2,522.12 3 0
github.com/harvester/kubeovn-operator/api/v1/zz_generated.deepcopy.go:526.63,528.2 1 0
github.com/harvester/kubeovn-operator/api/v1/zz_generated.deepcopy.go:531.56,532.15 1 0
github.com/harvester/kubeovn-operator/api/v1/zz_generated.deepcopy.go:532.15,534.3 1 0
github.com/harvester/kubeovn-operator/api/v1/zz_generated.deepcopy.go:535.2,537.12 3 0
github.com/harvester/kubeovn-operator/api/v1/zz_generated.deepcopy.go:541.57,543.32 2 0
github.com/harvester/kubeovn-operator/api/v1/zz_generated.deepcopy.go:543.32,547.3 3 0
github.com/harvester/kubeovn-operator/api/v1/zz_generated.deepcopy.go:551.50,552.15 1 0
github.com/harvester/kubeovn-operator/api/v1/zz_generated.deepcopy.go:552.15,554.3 1 0
github.com/harvester/kubeovn-operator/api/v1/zz_generated.deepcopy.go:555.2,557.12 3 0
github.com/harvester/kubeovn-operator/api/v1/zz_generated.deepcopy.go:561.57,565.2 3 0
github.com/harvester/kubeovn-operator/api/v1/zz_generated.deepcopy.go:568.50,569.15 1 0
github.com/harvester/kubeovn-operator/api/v1/zz_generated.deepcopy.go:569.15,571.3 1 0
github.com/harvester/kubeovn-operator/api/v1/zz_generated.deepcopy.go:572.2,574.12 3 0
github.com/harvester/kubeovn-operator/api/v1/zz_generated.deepcopy.go:578.49,580.2 1 0
github.com/harvester/kubeovn-operator/api/v1/zz_generated.deepcopy.go:583.42,584.15 1 0
github.com/harvester/kubeovn-operator/api/v1/zz_generated.deepcopy.go:584.15,586.3 1 0
github.com/harvester/kubeovn-operator/api/v1/zz_generated.deepcopy.go:587.2,589.12 3 0
github.com/harvester/kubeovn-operator/cmd/main.go:55.13,61.2 3 0
github.com/harvester/kubeovn-operator/cmd/main.go:64.13,103.11 27 0
github.com/harvester/kubeovn-operator/cmd/main.go:103.11,106.3 2 0
github.com/harvester/kubeovn-operator/cmd/main.go:108.2,116.38 2 0
github.com/harvester/kubeovn-operator/cmd/main.go:116.38,119.3 2 0
github.com/harvester/kubeovn-operator/cmd/main.go:121.2,121.18 1 0
github.com/harvester/kubeovn-operator/cmd/main.go:121.18,123.3 1 0
github.com/harvester/kubeovn-operator/cmd/main.go:126.2,131.30 3 0
github.com/harvester/kubeovn-operator/cmd/main.go:131.30,140.17 4 0
github.com/harvester/kubeovn-operator/cmd/main.go:140.17,143.4 2 0
github.com/harvester/kubeovn-operator/cmd/main.go:145.3,145.68 1 0
github.com/harvester/kubeovn-operator/cmd/main.go:145.68,147.4 1 0
github.com/harvester/kubeovn-operator/cmd/main.go:150.2,164.19 3 0
github.com/harvester/kubeovn-operator/cmd/main.go:164.19,170.3 1 0
github.com/harvester/kubeovn-operator/cmd/main.go:180.2,180.30 1 0
github.com/harvester/kubeovn-operator/cmd/main.go:180.30,189.17 4 0
github.com/harvester/kubeovn-operator/cmd/main.go:189.17,192.4 2 0
github.com/harvester/kubeovn-operator/cmd/main.go:194.3,194.96 1 0
github.com/harvester/kubeovn-operator/cmd/main.go:194.96,196.4 1 0
github.com/harvester/kubeovn-operator/cmd/main.go:199.2,224.16 2 0
github.com/harvester/kubeovn-operator/cmd/main.go:224.16,227.3 2 0
github.com/harvester/kubeovn-operator/cmd/main.go:229.2,238.39 2 0
github.com/harvester/kubeovn-operator/cmd/main.go:238.39,241.3 2 0
github.com/harvester/kubeovn-operator/cmd/main.go:243.2,249.39 1 0
github.com/harvester/kubeovn-operator/cmd/main.go:249.39,251.3 1 0
github.com/harvester/kubeovn-operator/cmd/main.go:255.2,255.31 1 0
github.com/harvester/kubeovn-operator/cmd/main.go:255.31,257.53 2 0
github.com/harvester/kubeovn-operator/cmd/main.go:257.53,260.4 2 0
github.com/harvester/kubeovn-operator/cmd/main.go:263.2,263.31 1 0
github.com/harvester/kubeovn-operator/cmd/main.go:263.31,265.53 2 0
github.com/harvester/kubeovn-operator/cmd/main.go:265.53,268.4 2 0
github.com/harvester/kubeovn-operator/cmd/main.go:271.2,271.69 1 0
github.com/harvester/kubeovn-operator/cmd/main.go:271.69,274.3 2 0
github.com/harvester/kubeovn-operator/cmd/main.go:275.2,275.67 1 0
github.com/harvester/kubeovn-operator/cmd/main.go:275.67,278.3 2 0
github.com/harvester/kubeovn-operator/cmd/main.go:280.2,281.39 2 0
github.com/harvester/kubeovn-operator/cmd/main.go:281.39,284.3 2 0
github.com/harvester/kubeovn-operator/internal/testinfra/cluster.go:19.35,20.49 1 0
github.com/harvester/kubeovn-operator/internal/testinfra/cluster.go:20.49,22.3 1 0
github.com/harvester/kubeovn-operator/internal/testinfra/cluster.go:23.2,23.26 1 0
github.com/harvester/kubeovn-operator/internal/testinfra/existing/existing.go:12.68,15.2 1 0
github.com/harvester/kubeovn-operator/internal/testinfra/existing/existing.go:17.68,20.2 1 0
github.com/harvester/kubeovn-operator/internal/testinfra/existing/existing.go:23.84,28.2 4 0
github.com/harvester/kubeovn-operator/test/utils/utils.go:39.27,41.2 1 0
github.com/harvester/kubeovn-operator/test/utils/utils.go:44.41,48.42 3 0
github.com/harvester/kubeovn-operator/test/utils/utils.go:48.42,50.3 1 0
github.com/harvester/kubeovn-operator/test/utils/utils.go:52.2,56.16 5 0
github.com/harvester/kubeovn-operator/test/utils/utils.go:56.16,58.3 1 0
github.com/harvester/kubeovn-operator/test/utils/utils.go:60.2,60.28 1 0
github.com/harvester/kubeovn-operator/test/utils/utils.go:64.40,69.2 4 0
github.com/harvester/kubeovn-operator/test/utils/utils.go:72.36,75.36 3 0
github.com/harvester/kubeovn-operator/test/utils/utils.go:75.36,77.3 1 0
github.com/harvester/kubeovn-operator/test/utils/utils.go:82.39,92.16 4 0
github.com/harvester/kubeovn-operator/test/utils/utils.go:92.16,94.3 1 0
github.com/harvester/kubeovn-operator/test/utils/utils.go:95.2,96.37 2 0
github.com/harvester/kubeovn-operator/test/utils/utils.go:96.37,97.32 1 0
github.com/harvester/kubeovn-operator/test/utils/utils.go:97.32,98.35 1 0
github.com/harvester/kubeovn-operator/test/utils/utils.go:98.35,100.5 1 0
github.com/harvester/kubeovn-operator/test/utils/utils.go:104.2,104.14 1 0
github.com/harvester/kubeovn-operator/test/utils/utils.go:108.29,111.36 3 0
github.com/harvester/kubeovn-operator/test/utils/utils.go:111.36,113.3 1 0
github.com/harvester/kubeovn-operator/test/utils/utils.go:117.33,120.36 3 0
github.com/harvester/kubeovn-operator/test/utils/utils.go:120.36,122.3 1 0
github.com/harvester/kubeovn-operator/test/utils/utils.go:125.2,132.12 3 0
github.com/harvester/kubeovn-operator/test/utils/utils.go:137.40,151.16 4 0
github.com/harvester/kubeovn-operator/test/utils/utils.go:151.16,153.3 1 0
github.com/harvester/kubeovn-operator/test/utils/utils.go:156.2,157.38 2 0
github.com/harvester/kubeovn-operator/test/utils/utils.go:157.38,158.32 1 0
github.com/harvester/kubeovn-operator/test/utils/utils.go:158.32,159.35 1 0
github.com/harvester/kubeovn-operator/test/utils/utils.go:159.35,161.5 1 0
github.com/harvester/kubeovn-operator/test/utils/utils.go:165.2,165.14 1 0
github.com/harvester/kubeovn-operator/test/utils/utils.go:169.56,171.47 2 0
github.com/harvester/kubeovn-operator/test/utils/utils.go:171.47,173.3 1 0
github.com/harvester/kubeovn-operator/test/utils/utils.go:174.2,177.12 4 0
github.com/harvester/kubeovn-operator/test/utils/utils.go:182.47,185.35 3 0
github.com/harvester/kubeovn-operator/test/utils/utils.go:185.35,186.20 1 0
github.com/harvester/kubeovn-operator/test/utils/utils.go:186.20,188.4 1 0
github.com/harvester/kubeovn-operator/test/utils/utils.go:191.2,191.12 1 0
github.com/harvester/kubeovn-operator/test/utils/utils.go:195.38,197.16 2 0
github.com/harvester/kubeovn-operator/test/utils/utils.go:197.16,199.3 1 0
github.com/harvester/kubeovn-operator/test/utils/utils.go:200.2,201.16 2 0
github.com/harvester/kubeovn-operator/test/utils/utils.go:206.59,210.16 2 0
github.com/harvester/kubeovn-operator/test/utils/utils.go:210.16,212.3 1 0
github.com/harvester/kubeovn-operator/test/utils/utils.go:213.2,216.13 3 0
github.com/harvester/kubeovn-operator/test/utils/utils.go:216.13,218.3 1 0
github.com/harvester/kubeovn-operator/test/utils/utils.go:220.2,222.16 3 0
github.com/harvester/kubeovn-operator/test/utils/utils.go:222.16,224.3 1 0
github.com/harvester/kubeovn-operator/test/utils/utils.go:226.2,227.21 2 0
github.com/harvester/kubeovn-operator/test/utils/utils.go:227.21,229.3 1 0
github.com/harvester/kubeovn-operator/test/utils/utils.go:230.2,230.6 1 0
github.com/harvester/kubeovn-operator/test/utils/utils.go:230.6,232.17 2 0
github.com/harvester/kubeovn-operator/test/utils/utils.go:232.17,234.4 1 0
github.com/harvester/kubeovn-operator/test/utils/utils.go:236.3,236.22 1 0
github.com/harvester/kubeovn-operator/test/utils/utils.go:236.22,237.9 1 0
github.com/harvester/kubeovn-operator/test/utils/utils.go:239.3,239.50 1 0
github.com/harvester/kubeovn-operator/test/utils/utils.go:239.50,241.4 1 0
github.com/harvester/kubeovn-operator/test/utils/utils.go:244.2,245.16 2 0
github.com/harvester/kubeovn-operator/test/utils/utils.go:245.16,247.3 1 0
github.com/harvester/kubeovn-operator/test/utils/utils.go:250.2,250.50 1 0
github.com/harvester/kubeovn-operator/api/v1/configuration_types.go:340.13,342.2 1 1
github.com/harvester/kubeovn-operator/api/v1/configuration_types.go:361.131,362.37 1 1
github.com/harvester/kubeovn-operator/api/v1/configuration_types.go:362.37,363.51 1 1
github.com/harvester/kubeovn-operator/api/v1/configuration_types.go:363.51,370.4 6 0
github.com/harvester/kubeovn-operator/api/v1/configuration_types.go:372.2,379.4 1 1
github.com/harvester/kubeovn-operator/api/v1/configuration_types.go:382.66,385.2 2 0
github.com/harvester/kubeovn-operator/api/v1/configuration_types.go:387.67,390.2 2 0
github.com/harvester/kubeovn-operator/api/v1/configuration_types.go:392.69,395.2 2 0
github.com/harvester/kubeovn-operator/api/v1/configuration_types.go:397.80,398.40 1 0
github.com/harvester/kubeovn-operator/api/v1/configuration_types.go:398.40,399.30 1 0
github.com/harvester/kubeovn-operator/api/v1/configuration_types.go:399.30,401.4 1 0
github.com/harvester/kubeovn-operator/api/v1/configuration_types.go:403.2,403.27 1 0
github.com/harvester/kubeovn-operator/api/v1/zz_generated.deepcopy.go:29.55,31.32 2 1
github.com/harvester/kubeovn-operator/api/v1/zz_generated.deepcopy.go:31.32,35.3 3 0
github.com/harvester/kubeovn-operator/api/v1/zz_generated.deepcopy.go:39.48,40.15 1 0
github.com/harvester/kubeovn-operator/api/v1/zz_generated.deepcopy.go:40.15,42.3 1 0
github.com/harvester/kubeovn-operator/api/v1/zz_generated.deepcopy.go:43.2,45.12 3 0
github.com/harvester/kubeovn-operator/api/v1/zz_generated.deepcopy.go:49.53,53.2 3 1
github.com/harvester/kubeovn-operator/api/v1/zz_generated.deepcopy.go:56.46,57.15 1 0
github.com/harvester/kubeovn-operator/api/v1/zz_generated.deepcopy.go:57.15,59.3 1 0
github.com/harvester/kubeovn-operator/api/v1/zz_generated.deepcopy.go:60.2,62.12 3 0
github.com/harvester/kubeovn-operator/api/v1/zz_generated.deepcopy.go:66.59,68.24 2 1
github.com/harvester/kubeovn-operator/api/v1/zz_generated.deepcopy.go:68.24,72.3 3 1
github.com/harvester/kubeovn-operator/api/v1/zz_generated.deepcopy.go:73.2,73.24 1 1
github.com/harvester/kubeovn-operator/api/v1/zz_generated.deepcopy.go:73.24,77.3 3 1
github.com/harvester/kubeovn-operator/api/v1/zz_generated.deepcopy.go:78.2,78.33 1 1
github.com/harvester/kubeovn-operator/api/v1/zz_generated.deepcopy.go:78.33,82.3 3 1
github.com/harvester/kubeovn-operator/api/v1/zz_generated.deepcopy.go:83.2,83.31 1 1
github.com/harvester/kubeovn-operator/api/v1/zz_generated.deepcopy.go:83.31,87.3 3 1
github.com/harvester/kubeovn-operator/api/v1/zz_generated.deepcopy.go:88.2,88.27 1 1
github.com/harvester/kubeovn-operator/api/v1/zz_generated.deepcopy.go:88.27,92.3 3 1
github.com/harvester/kubeovn-operator/api/v1/zz_generated.deepcopy.go:93.2,93.30 1 1
github.com/harvester/kubeovn-operator/api/v1/zz_generated.deepcopy.go:93.30,97.3 3 1
github.com/harvester/kubeovn-operator/api/v1/zz_generated.deepcopy.go:98.2,98.30 1 1
github.com/harvester/kubeovn-operator/api/v1/zz_generated.deepcopy.go:98.30,102.3 3 1
github.com/harvester/kubeovn-operator/api/v1/zz_generated.deepcopy.go:103.2,103.35 1 1
github.com/harvester/kubeovn-operator/api/v1/zz_generated.deepcopy.go:103.35,107.3 3 1
github.com/harvester/kubeovn-operator/api/v1/zz_generated.deepcopy.go:108.2,108.28 1 1
github.com/harvester/kubeovn-operator/api/v1/zz_generated.deepcopy.go:108.28,112.3 3 1
github.com/harvester/kubeovn-operator/api/v1/zz_generated.deepcopy.go:113.2,113.30 1 1
github.com/harvester/kubeovn-operator/api/v1/zz_generated.deepcopy.go:113.30,117.3 3 1
github.com/harvester/kubeovn-operator/api/v1/zz_generated.deepcopy.go:118.2,118.33 1 1
github.com/harvester/kubeovn-operator/api/v1/zz_generated.deepcopy.go:118.33,122.3 3 1
github.com/harvester/kubeovn-operator/api/v1/zz_generated.deepcopy.go:123.2,123.29 1 1
github.com/harvester/kubeovn-operator/api/v1/zz_generated.deepcopy.go:123.29,126.18 3 1
github.com/harvester/kubeovn-operator/api/v1/zz_generated.deepcopy.go:126.18,130.4 3 1
github.com/harvester/kubeovn-operator/api/v1/zz_generated.deepcopy.go:132.2,132.34 1 1
github.com/harvester/kubeovn-operator/api/v1/zz_generated.deepcopy.go:132.34,136.3 3 1
github.com/harvester/kubeovn-operator/api/v1/zz_generated.deepcopy.go:137.2,137.28 1 1
github.com/harvester/kubeovn-operator/api/v1/zz_generated.deepcopy.go:137.28,141.3 3 1
github.com/harvester/kubeovn-operator/api/v1/zz_generated.deepcopy.go:142.2,142.24 1 1
github.com/harvester/kubeovn-operator/api/v1/zz_generated.deepcopy.go:142.24,146.3 3 1
github.com/harvester/kubeovn-operator/api/v1/zz_generated.deepcopy.go:147.2,147.32 1 1
github.com/harvester/kubeovn-operator/api/v1/zz_generated.deepcopy.go:147.32,151.3 3 1
github.com/harvester/kubeovn-operator/api/v1/zz_generated.deepcopy.go:152.2,152.30 1 1
github.com/harvester/kubeovn-operator/api/v1/zz_generated.deepcopy.go:152.30,156.3 3 1
github.com/harvester/kubeovn-operator/api/v1/zz_generated.deepcopy.go:157.2,157.25 1 1
github.com/harvester/kubeovn-operator/api/v1/zz_generated.deepcopy.go:157.25,161.3 3 1
github.com/harvester/kubeovn-operator/api/v1/zz_generated.deepcopy.go:162.2,162.28 1 1
github.com/harvester/kubeovn-operator/api/v1/zz_generated.deepcopy.go:162.28,166.3 3 1
github.com/harvester/kubeovn-operator/api/v1/zz_generated.deepcopy.go:167.2,167.43 1 1
github.com/harvester/kubeovn-operator/api/v1/zz_generated.deepcopy.go:167.43,171.3 3 1
github.com/harvester/kubeovn-operator/api/v1/zz_generated.deepcopy.go:175.52,176.15 1 0
github.com/harvester/kubeovn-operator/api/v1/zz_generated.deepcopy.go:176.15,178.3 1 0
github.com/harvester/kubeovn-operator/api/v1/zz_generated.deepcopy.go:179.2,181.12 3 0
github.com/harvester/kubeovn-operator/api/v1/zz_generated.deepcopy.go:185.59,191.2 5 1
github.com/harvester/kubeovn-operator/api/v1/zz_generated.deepcopy.go:194.52,195.15 1 1
github.com/harvester/kubeovn-operator/api/v1/zz_generated.deepcopy.go:195.15,197.3 1 0
github.com/harvester/kubeovn-operator/api/v1/zz_generated.deepcopy.go:198.2,200.12 3 1
github.com/harvester/kubeovn-operator/api/v1/zz_generated.deepcopy.go:204.58,205.34 1 1
github.com/harvester/kubeovn-operator/api/v1/zz_generated.deepcopy.go:205.34,207.3 1 1
github.com/harvester/kubeovn-operator/api/v1/zz_generated.deepcopy.go:208.2,208.12 1 0
github.com/harvester/kubeovn-operator/api/v1/zz_generated.deepcopy.go:212.67,216.21 4 1
github.com/harvester/kubeovn-operator/api/v1/zz_generated.deepcopy.go:216.21,219.22 3 0
github.com/harvester/kubeovn-operator/api/v1/zz_generated.deepcopy.go:219.22,221.4 1 0
github.com/harvester/kubeovn-operator/api/v1/zz_generated.deepcopy.go:226.60,227.15 1 1
github.com/harvester/kubeovn-operator/api/v1/zz_generated.deepcopy.go:227.15,229.3 1 0
github.com/harvester/kubeovn-operator/api/v1/zz_generated.deepcopy.go:230.2,232.12 3 1
github.com/harvester/kubeovn-operator/api/v1/zz_generated.deepcopy.go:236.62,237.34 1 1
github.com/harvester/kubeovn-operator/api/v1/zz_generated.deepcopy.go:237.34,239.3 1 1
github.com/harvester/kubeovn-operator/api/v1/zz_generated.deepcopy.go:240.2,240.12 1 0
github.com/harvester/kubeovn-operator/api/v1/zz_generated.deepcopy.go:244.67,257.40 13 1
github.com/harvester/kubeovn-operator/api/v1/zz_generated.deepcopy.go:257.40,261.3 3 0
github.com/harvester/kubeovn-operator/api/v1/zz_generated.deepcopy.go:262.2,262.26 1 1
github.com/harvester/kubeovn-operator/api/v1/zz_generated.deepcopy.go:262.26,266.3 3 0
github.com/harvester/kubeovn-operator/api/v1/zz_generated.deepcopy.go:267.2,268.20 2 1
github.com/harvester/kubeovn-operator/api/v1/zz_generated.deepcopy.go:268.20,272.3 3 0
github.com/harvester/kubeovn-operator/api/v1/zz_generated.deepcopy.go:273.2,280.53 8 1
github.com/harvester/kubeovn-operator/api/v1/zz_generated.deepcopy.go:284.60,285.15 1 0
github.com/harvester/kubeovn-operator/api/v1/zz_generated.deepcopy.go:285.15,287.3 1 0
github.com/harvester/kubeovn-operator/api/v1/zz_generated.deepcopy.go:288.2,290.12 3 0
github.com/harvester/kubeovn-operator/api/v1/zz_generated.deepcopy.go:294.71,296.37 2 1
github.com/harvester/kubeovn-operator/api/v1/zz_generated.deepcopy.go:296.37,300.3 3 0
github.com/harvester/kubeovn-operator/api/v1/zz_generated.deepcopy.go:301.2,301.26 1 1
github.com/harvester/kubeovn-operator/api/v1/zz_generated.deepcopy.go:301.26,304.22 3 0
github.com/harvester/kubeovn-operator/api/v1/zz_generated.deepcopy.go:304.22,306.4 1 0
github.com/harvester/kubeovn-operator/api/v1/zz_generated.deepcopy.go:308.2,308.30 1 1
github.com/harvester/kubeovn-operator/api/v1/zz_generated.deepcopy.go:308.30,312.3 3 0
github.com/harvester/kubeovn-operator/api/v1/zz_generated.deepcopy.go:316.64,317.15 1 0
github.com/harvester/kubeovn-operator/api/v1/zz_generated.deepcopy.go:317.15,319.3 1 0
github.com/harvester/kubeovn-operator/api/v1/zz_generated.deepcopy.go:320.2,322.12 3 0
github.com/harvester/kubeovn-operator/api/v1/zz_generated.deepcopy.go:326.51,328.28 2 1
github.com/harvester/kubeovn-operator/api/v1/zz_generated.deepcopy.go:328.28,332.3 3 0
github.com/harvester/kubeovn-operator/api/v1/zz_generated.deepcopy.go:336.44,337.15 1 0
github.com/harvester/kubeovn-operator/api/v1/zz_generated.deepcopy.go:337.15,339.3 1 0
github.com/harvester/kubeovn-operator/api/v1/zz_generated.deepcopy.go:340.2,342.12 3 0
github.com/harvester/kubeovn-operator/api/v1/zz_generated.deepcopy.go:346.53,350.2 3 1
github.com/harvester/kubeovn-operator/api/v1/zz_generated.deepcopy.go:353.46,354.15 1 0
github.com/harvester/kubeovn-operator/api/v1/zz_generated.deepcopy.go:354.15,356.3 1 0
github.com/harvester/kubeovn-operator/api/v1/zz_generated.deepcopy.go:357.2,359.12 3 0
github.com/harvester/kubeovn-operator/api/v1/zz_generated.deepcopy.go:363.65,365.2 1 0
github.com/harvester/kubeovn-operator/api/v1/zz_generated.deepcopy.go:368.58,369.15 1 0
github.com/harvester/kubeovn-operator/api/v1/zz_generated.deepcopy.go:369.15,371.3 1 0
github.com/harvester/kubeovn-operator/api/v1/zz_generated.deepcopy.go:372.2,374.12 3 0
github.com/harvester/kubeovn-operator/api/v1/zz_generated.deepcopy.go:378.57,381.2 2 1
github.com/harvester/kubeovn-operator/api/v1/zz_generated.deepcopy.go:384.50,385.15 1 0
github.com/harvester/kubeovn-operator/api/v1/zz_generated.deepcopy.go:385.15,387.3 1 0
github.com/harvester/kubeovn-operator/api/v1/zz_generated.deepcopy.go:388.2,390.12 3 0
github.com/harvester/kubeovn-operator/api/v1/zz_generated.deepcopy.go:394.65,396.26 2 1
github.com/harvester/kubeovn-operator/api/v1/zz_generated.deepcopy.go:396.26,400.3 3 1
github.com/harvester/kubeovn-operator/api/v1/zz_generated.deepcopy.go:401.2,401.26 1 1
github.com/harvester/kubeovn-operator/api/v1/zz_generated.deepcopy.go:401.26,405.3 3 1
github.com/harvester/kubeovn-operator/api/v1/zz_generated.deepcopy.go:409.58,410.15 1 0
github.com/harvester/kubeovn-operator/api/v1/zz_generated.deepcopy.go:410.15,412.3 1 0
github.com/harvester/kubeovn-operator/api/v1/zz_generated.deepcopy.go:413.2,415.12 3 0
github.com/harvester/kubeovn-operator/api/v1/zz_generated.deepcopy.go:419.67,421.2 1 0
github.com/harvester/kubeovn-operator/api/v1/zz_generated.deepcopy.go:424.60,425.15 1 0
github.com/harvester/kubeovn-operator/api/v1/zz_generated.deepcopy.go:425.15,427.3 1 0
github.com/harvester/kubeovn-operator/api/v1/zz_generated.deepcopy.go:428.2,430.12 3 0
github.com/harvester/kubeovn-operator/api/v1/zz_generated.deepcopy.go:434.59,436.2 1 0
github.com/harvester/kubeovn-operator/api/v1/zz_generated.deepcopy.go:439.52,440.15 1 0
github.com/harvester/kubeovn-operator/api/v1/zz_generated.deepcopy.go:440.15,442.3 1 0
github.com/harvester/kubeovn-operator/api/v1/zz_generated.deepcopy.go:443.2,445.12 3 0
github.com/harvester/kubeovn-operator/api/v1/zz_generated.deepcopy.go:449.65,451.2 1 0
github.com/harvester/kubeovn-operator/api/v1/zz_generated.deepcopy.go:454.58,455.15 1 0
github.com/harvester/kubeovn-operator/api/v1/zz_generated.deepcopy.go:455.15,457.3 1 0
github.com/harvester/kubeovn-operator/api/v1/zz_generated.deepcopy.go:458.2,460.12 3 0
github.com/harvester/kubeovn-operator/api/v1/zz_generated.deepcopy.go:464.61,466.25 2 1
github.com/harvester/kubeovn-operator/api/v1/zz_generated.deepcopy.go:466.25,470.3 3 1
github.com/harvester/kubeovn-operator/api/v1/zz_generated.deepcopy.go:471.2,472.32 2 1
github.com/harvester/kubeovn-operator/api/v1/zz_generated.deepcopy.go:472.32,476.3 3 0
github.com/harvester/kubeovn-operator/api/v1/zz_generated.deepcopy.go:477.2,477.29 1 1
github.com/harvester/kubeovn-operator/api/v1/zz_generated.deepcopy.go:477.29,481.3 3 1
github.com/harvester/kubeovn-operator/api/v1/zz_generated.deepcopy.go:482.2,482.26 1 1
github.com/harvester/kubeovn-operator/api/v1/zz_generated.deepcopy.go:482.26,486.3 3 1
github.com/harvester/kubeovn-operator/api/v1/zz_generated.deepcopy.go:487.2,487.29 1 1
github.com/harvester/kubeovn-operator/api/v1/zz_generated.deepcopy.go:487.29,491.3 3 1
github.com/harvester/kubeovn-operator/api/v1/zz_generated.deepcopy.go:492.2,492.29 1 1
github.com/harvester/kubeovn-operator/api/v1/zz_generated.deepcopy.go:492.29,496.3 3 0
github.com/harvester/kubeovn-operator/api/v1/zz_generated.deepcopy.go:500.54,501.15 1 0
github.com/harvester/kubeovn-operator/api/v1/zz_generated.deepcopy.go:501.15,503.3 1 0
github.com/harvester/kubeovn-operator/api/v1/zz_generated.deepcopy.go:504.2,506.12 3 0
github.com/harvester/kubeovn-operator/api/v1/zz_generated.deepcopy.go:510.63,513.2 2 0
github.com/harvester/kubeovn-operator/api/v1/zz_generated.deepcopy.go:516.56,517.15 1 0
github.com/harvester/kubeovn-operator/api/v1/zz_generated.deepcopy.go:517.15,519.3 1 0
github.com/harvester/kubeovn-operator/api/v1/zz_generated.deepcopy.go:520.2,522.12 3 0
github.com/harvester/kubeovn-operator/api/v1/zz_generated.deepcopy.go:526.63,528.2 1 0
github.com/harvester/kubeovn-operator/api/v1/zz_generated.deepcopy.go:531.56,532.15 1 0
github.com/harvester/kubeovn-operator/api/v1/zz_generated.deepcopy.go:532.15,534.3 1 0
github.com/harvester/kubeovn-operator/api/v1/zz_generated.deepcopy.go:535.2,537.12 3 0
github.com/harvester/kubeovn-operator/api/v1/zz_generated.deepcopy.go:541.57,543.32 2 1
github.com/harvester/kubeovn-operator/api/v1/zz_generated.deepcopy.go:543.32,547.3 3 0
github.com/harvester/kubeovn-operator/api/v1/zz_generated.deepcopy.go:551.50,552.15 1 0
github.com/harvester/kubeovn-operator/api/v1/zz_generated.deepcopy.go:552.15,554.3 1 0
github.com/harvester/kubeovn-operator/api/v1/zz_generated.deepcopy.go:555.2,557.12 3 0
github.com/harvester/kubeovn-operator/api/v1/zz_generated.deepcopy.go:561.57,565.2 3 1
github.com/harvester/kubeovn-operator/api/v1/zz_generated.deepcopy.go:568.50,569.15 1 0
github.com/harvester/kubeovn-operator/api/v1/zz_generated.deepcopy.go:569.15,571.3 1 0
github.com/harvester/kubeovn-operator/api/v1/zz_generated.deepcopy.go:572.2,574.12 3 0
github.com/harvester/kubeovn-operator/api/v1/zz_generated.deepcopy.go:578.49,580.2 1 0
github.com/harvester/kubeovn-operator/api/v1/zz_generated.deepcopy.go:583.42,584.15 1 0
github.com/harvester/kubeovn-operator/api/v1/zz_generated.deepcopy.go:584.15,586.3 1 0
github.com/harvester/kubeovn-operator/api/v1/zz_generated.deepcopy.go:587.2,589.12 3 0
github.com/harvester/kubeovn-operator/internal/controller/configuration_controller.go:71.105,74.16 3 1
github.com/harvester/kubeovn-operator/internal/controller/configuration_controller.go:74.16,75.32 1 1
github.com/harvester/kubeovn-operator/internal/controller/configuration_controller.go:75.32,78.4 2 1
github.com/harvester/kubeovn-operator/internal/controller/configuration_controller.go:79.3,80.28 2 0
github.com/harvester/kubeovn-operator/internal/controller/configuration_controller.go:83.2,85.37 2 1
github.com/harvester/kubeovn-operator/internal/controller/configuration_controller.go:85.37,87.3 1 0
github.com/harvester/kubeovn-operator/internal/controller/configuration_controller.go:89.2,91.35 2 1
github.com/harvester/kubeovn-operator/internal/controller/configuration_controller.go:91.35,92.40 1 1
github.com/harvester/kubeovn-operator/internal/controller/configuration_controller.go:92.40,94.4 1 1
github.com/harvester/kubeovn-operator/internal/controller/configuration_controller.go:97.2,97.56 1 1
github.com/harvester/kubeovn-operator/internal/controller/configuration_controller.go:97.56,99.3 1 0
github.com/harvester/kubeovn-operator/internal/controller/configuration_controller.go:100.2,100.89 1 1
github.com/harvester/kubeovn-operator/internal/controller/configuration_controller.go:104.76,109.2 2 1
github.com/harvester/kubeovn-operator/internal/controller/configuration_controller.go:113.109,114.51 1 1
github.com/harvester/kubeovn-operator/internal/controller/configuration_controller.go:114.51,117.3 2 0
github.com/harvester/kubeovn-operator/internal/controller/configuration_controller.go:118.2,118.70 1 1
github.com/harvester/kubeovn-operator/internal/controller/configuration_controller.go:118.70,121.3 2 0
github.com/harvester/kubeovn-operator/internal/controller/configuration_controller.go:123.2,125.16 3 1
github.com/harvester/kubeovn-operator/internal/controller/configuration_controller.go:125.16,127.3 1 0
github.com/harvester/kubeovn-operator/internal/controller/configuration_controller.go:129.2,129.66 1 1
github.com/harvester/kubeovn-operator/internal/controller/configuration_controller.go:129.66,133.17 3 1
github.com/harvester/kubeovn-operator/internal/controller/configuration_controller.go:133.17,135.4 1 0
github.com/harvester/kubeovn-operator/internal/controller/configuration_controller.go:136.3,137.17 2 1
github.com/harvester/kubeovn-operator/internal/controller/configuration_controller.go:137.17,139.4 1 0
github.com/harvester/kubeovn-operator/internal/controller/configuration_controller.go:140.3,140.28 1 1
github.com/harvester/kubeovn-operator/internal/controller/configuration_controller.go:140.28,142.18 2 1
github.com/harvester/kubeovn-operator/internal/controller/configuration_controller.go:142.18,144.5 1 1
github.com/harvester/kubeovn-operator/internal/controller/configuration_controller.go:144.10,146.5 1 1
github.com/harvester/kubeovn-operator/internal/controller/configuration_controller.go:147.4,148.18 2 1
github.com/harvester/kubeovn-operator/internal/controller/configuration_controller.go:148.18,150.5 1 0
github.com/harvester/kubeovn-operator/internal/controller/configuration_controller.go:152.4,152.53 1 1
github.com/harvester/kubeovn-operator/internal/controller/configuration_controller.go:152.53,154.5 1 1
github.com/harvester/kubeovn-operator/internal/controller/configuration_controller.go:157.2,158.12 2 1
github.com/harvester/kubeovn-operator/internal/controller/configuration_controller.go:162.97,165.16 3 1
github.com/harvester/kubeovn-operator/internal/controller/configuration_controller.go:165.16,166.32 1 1
github.com/harvester/kubeovn-operator/internal/controller/configuration_controller.go:166.32,168.4 1 1
github.com/harvester/kubeovn-operator/internal/controller/configuration_controller.go:169.3,169.95 1 0
github.com/harvester/kubeovn-operator/internal/controller/configuration_controller.go:172.2,172.60 1 1
github.com/harvester/kubeovn-operator/internal/controller/configuration_controller.go:175.103,178.25 3 1
github.com/harvester/kubeovn-operator/internal/controller/configuration_controller.go:178.25,180.3 1 1
github.com/harvester/kubeovn-operator/internal/controller/configuration_controller.go:182.2,182.30 1 1
github.com/harvester/kubeovn-operator/internal/controller/configuration_controller.go:182.30,183.75 1 1
github.com/harvester/kubeovn-operator/internal/controller/configuration_controller.go:183.75,185.4 1 1
github.com/harvester/kubeovn-operator/internal/controller/configuration_controller.go:187.2,187.15 1 1
github.com/harvester/kubeovn-operator/internal/controller/configuration_controller.go:190.83,191.47 1 1
github.com/harvester/kubeovn-operator/internal/controller/configuration_controller.go:191.47,193.3 1 1
github.com/harvester/kubeovn-operator/internal/controller/configuration_controller.go:194.2,194.10 1 1
github.com/harvester/kubeovn-operator/internal/controller/configuration_controller.go:198.110,200.2 1 1
github.com/harvester/kubeovn-operator/internal/controller/configuration_controller.go:203.113,206.16 2 1
github.com/harvester/kubeovn-operator/internal/controller/configuration_controller.go:206.16,208.3 1 0
github.com/harvester/kubeovn-operator/internal/controller/configuration_controller.go:209.2,212.16 3 1
github.com/harvester/kubeovn-operator/internal/controller/configuration_controller.go:212.16,214.3 1 0
github.com/harvester/kubeovn-operator/internal/controller/configuration_controller.go:216.2,217.35 2 1
github.com/harvester/kubeovn-operator/internal/controller/configuration_controller.go:217.35,218.46 1 1
github.com/harvester/kubeovn-operator/internal/controller/configuration_controller.go:218.46,219.45 1 1
github.com/harvester/kubeovn-operator/internal/controller/configuration_controller.go:219.45,221.5 1 1
github.com/harvester/kubeovn-operator/internal/controller/configuration_controller.go:227.2,227.29 1 1
github.com/harvester/kubeovn-operator/internal/controller/configuration_controller.go:227.29,231.3 2 0
github.com/harvester/kubeovn-operator/internal/controller/configuration_controller.go:233.2,234.12 2 1
github.com/harvester/kubeovn-operator/internal/controller/configuration_controller.go:238.118,239.40 1 1
github.com/harvester/kubeovn-operator/internal/controller/configuration_controller.go:239.40,241.3 1 0
github.com/harvester/kubeovn-operator/internal/controller/configuration_controller.go:242.2,244.12 3 1
github.com/harvester/kubeovn-operator/internal/controller/configuration_controller.go:250.129,253.16 3 1
github.com/harvester/kubeovn-operator/internal/controller/configuration_controller.go:253.16,254.32 1 0
github.com/harvester/kubeovn-operator/internal/controller/configuration_controller.go:254.32,261.4 2 0
github.com/harvester/kubeovn-operator/internal/controller/configuration_controller.go:262.3,262.13 1 0
github.com/harvester/kubeovn-operator/internal/controller/configuration_controller.go:264.2,264.12 1 1
github.com/harvester/kubeovn-operator/internal/controller/configuration_controller.go:269.91,277.16 3 0
github.com/harvester/kubeovn-operator/internal/controller/configuration_controller.go:277.16,278.32 1 0
github.com/harvester/kubeovn-operator/internal/controller/configuration_controller.go:278.32,280.4 1 0
github.com/harvester/kubeovn-operator/internal/controller/configuration_controller.go:281.3,281.13 1 0
github.com/harvester/kubeovn-operator/internal/controller/configuration_controller.go:283.2,283.36 1 0
github.com/harvester/kubeovn-operator/internal/controller/node_controller.go:33.67,35.2 1 1
github.com/harvester/kubeovn-operator/internal/controller/node_controller.go:40.96,43.16 3 0
github.com/harvester/kubeovn-operator/internal/controller/node_controller.go:43.16,44.32 1 0
github.com/harvester/kubeovn-operator/internal/controller/node_controller.go:44.32,47.4 2 0
github.com/harvester/kubeovn-operator/internal/controller/node_controller.go:50.2,53.16 3 0
github.com/harvester/kubeovn-operator/internal/controller/node_controller.go:53.16,54.32 1 0
github.com/harvester/kubeovn-operator/internal/controller/node_controller.go:54.32,57.4 2 0
github.com/harvester/kubeovn-operator/internal/controller/node_controller.go:58.3,58.28 1 0
github.com/harvester/kubeovn-operator/internal/controller/node_controller.go:61.2,61.69 1 0
github.com/harvester/kubeovn-operator/internal/controller/node_controller.go:61.69,64.3 2 0
github.com/harvester/kubeovn-operator/internal/controller/node_controller.go:66.2,66.35 1 0
github.com/harvester/kubeovn-operator/internal/controller/node_controller.go:66.35,69.3 1 0
github.com/harvester/kubeovn-operator/internal/controller/node_controller.go:72.2,72.67 1 0
github.com/harvester/kubeovn-operator/internal/controller/node_controller.go:72.67,75.3 2 0
github.com/harvester/kubeovn-operator/internal/controller/node_controller.go:77.2,77.27 1 0
github.com/harvester/kubeovn-operator/internal/controller/node_controller.go:81.122,85.2 3 0
github.com/harvester/kubeovn-operator/internal/controller/node_controller.go:89.123,91.2 1 0
github.com/harvester/kubeovn-operator/internal/testinfra/cluster.go:19.35,20.49 1 1
github.com/harvester/kubeovn-operator/internal/testinfra/cluster.go:20.49,22.3 1 1
github.com/harvester/kubeovn-operator/internal/testinfra/cluster.go:23.2,23.26 1 0
github.com/harvester/kubeovn-operator/internal/testinfra/existing/existing.go:12.68,15.2 1 1
github.com/harvester/kubeovn-operator/internal/testinfra/existing/existing.go:17.68,20.2 1 1
github.com/harvester/kubeovn-operator/internal/testinfra/existing/existing.go:23.84,28.2 4 1
